<?xml version="1.0" encoding="UTF-8"?>
<!-- Generated by org.testng.reporters.JUnitReportReporter -->
<testsuite skipped="0" hostname="ManosiKannan" name="com.selbot.testcases.TC002_DuplicateLead" tests="1" failures="0" timestamp="20 Apr 2019 15:16:42 GMT" time="50.313" errors="0">
  <testcase name="createLead" time="50.313" classname="com.selbot.testcases.TC002_DuplicateLead"/>
</testsuite> <!-- com.selbot.testcases.TC002_DuplicateLead -->
